c:\users\mathy\documents\~dellpickle_documents\~coding_projects\cs330\openglsample\openglsample\x64\debug\vc143.pdb
c:\users\mathy\documents\~dellpickle_documents\~coding_projects\cs330\openglsample\openglsample\x64\debug\vc143.idb
c:\users\mathy\documents\~dellpickle_documents\~coding_projects\cs330\openglsample\openglsample\x64\debug\source.obj
c:\users\mathy\documents\~dellpickle_documents\~coding_projects\cs330\openglsample\openglsample\x64\debug\shader.obj
c:\users\mathy\documents\~dellpickle_documents\~coding_projects\cs330\openglsample\openglsample\x64\debug\milestone_4_5.obj
c:\users\mathy\documents\~dellpickle_documents\~coding_projects\cs330\openglsample\openglsample\x64\debug\milestone_3_5.obj
c:\users\mathy\documents\~dellpickle_documents\~coding_projects\cs330\openglsample\openglsample\x64\debug\assignment_5_3.obj
c:\users\mathy\documents\~dellpickle_documents\~coding_projects\cs330\openglsample\openglsample\x64\debug\assignment_4_3.obj
c:\users\mathy\documents\~dellpickle_documents\~coding_projects\cs330\openglsample\openglsample\x64\debug\assignment_2_3.obj
c:\users\mathy\documents\~dellpickle_documents\~coding_projects\cs330\openglsample\openglsample\x64\debug\glad.obj
c:\users\mathy\documents\~dellpickle_documents\~coding_projects\cs330\breakout\openglsample\openglsample\x64\debug\shader.obj
c:\users\mathy\documents\~dellpickle_documents\~coding_projects\cs330\breakout\openglsample\openglsample\x64\debug\source.obj
c:\users\mathy\documents\~dellpickle_documents\~coding_projects\cs330\breakout\openglsample\openglsample\x64\debug\assignment_2_3.obj
c:\users\mathy\documents\~dellpickle_documents\~coding_projects\cs330\breakout\openglsample\openglsample\x64\debug\assignment_4_3.obj
c:\users\mathy\documents\~dellpickle_documents\~coding_projects\cs330\breakout\openglsample\openglsample\x64\debug\assignment_5_3.obj
c:\users\mathy\documents\~dellpickle_documents\~coding_projects\cs330\breakout\openglsample\openglsample\x64\debug\glad.obj
c:\users\mathy\documents\~dellpickle_documents\~coding_projects\cs330\breakout\openglsample\openglsample\x64\debug\milestone_3_5.obj
c:\users\mathy\documents\~dellpickle_documents\~coding_projects\cs330\breakout\openglsample\openglsample\x64\debug\milestone_4_5.obj
c:\users\mathy\documents\~dellpickle_documents\~coding_projects\cs330\breakout\openglsample\openglsample\x64\debug\vc143.idb
c:\users\mathy\documents\~dellpickle_documents\~coding_projects\cs330\breakout\openglsample\openglsample\x64\debug\vc143.pdb
c:\users\mathy\documents\~dellpickle_documents\~coding_projects\cs330\breakout\openglsample\x64\debug\openglsample.pdb
c:\users\mathy\documents\~dellpickle_documents\~coding_projects\cs330\breakout\openglsample\openglsample\x64\debug\openglsample.tlog\cl.command.1.tlog
c:\users\mathy\documents\~dellpickle_documents\~coding_projects\cs330\breakout\openglsample\openglsample\x64\debug\openglsample.tlog\cl.read.1.tlog
c:\users\mathy\documents\~dellpickle_documents\~coding_projects\cs330\breakout\openglsample\openglsample\x64\debug\openglsample.tlog\cl.write.1.tlog
c:\users\mathy\documents\~dellpickle_documents\~coding_projects\cs330\breakout\openglsample\openglsample\x64\debug\openglsample.tlog\link-cvtres.read.1.tlog
c:\users\mathy\documents\~dellpickle_documents\~coding_projects\cs330\breakout\openglsample\openglsample\x64\debug\openglsample.tlog\link-cvtres.write.1.tlog
c:\users\mathy\documents\~dellpickle_documents\~coding_projects\cs330\breakout\openglsample\openglsample\x64\debug\openglsample.tlog\link-rc.read.1.tlog
c:\users\mathy\documents\~dellpickle_documents\~coding_projects\cs330\breakout\openglsample\openglsample\x64\debug\openglsample.tlog\link-rc.write.1.tlog
c:\users\mathy\documents\~dellpickle_documents\~coding_projects\cs330\breakout\openglsample\openglsample\x64\debug\openglsample.tlog\link.command.1.tlog
c:\users\mathy\documents\~dellpickle_documents\~coding_projects\cs330\breakout\openglsample\openglsample\x64\debug\openglsample.tlog\link.read.1.tlog
c:\users\mathy\documents\~dellpickle_documents\~coding_projects\cs330\breakout\openglsample\openglsample\x64\debug\openglsample.tlog\link.read.2.tlog
c:\users\mathy\documents\~dellpickle_documents\~coding_projects\cs330\breakout\openglsample\openglsample\x64\debug\openglsample.tlog\link.write.1.tlog
