c:\users\mathy\documents\~dellpickle_documents\~coding_projects\cs330\openglsample\openglsample\release\vc143.pdb
c:\users\mathy\documents\~dellpickle_documents\~coding_projects\cs330\openglsample\openglsample\release\source.obj
c:\users\mathy\documents\~dellpickle_documents\~coding_projects\cs330\openglsample\openglsample\release\shader.obj
c:\users\mathy\documents\~dellpickle_documents\~coding_projects\cs330\openglsample\openglsample\release\milestone_4_5.obj
c:\users\mathy\documents\~dellpickle_documents\~coding_projects\cs330\openglsample\openglsample\release\milestone_3_5.obj
c:\users\mathy\documents\~dellpickle_documents\~coding_projects\cs330\openglsample\openglsample\release\assignment_5_3.obj
c:\users\mathy\documents\~dellpickle_documents\~coding_projects\cs330\openglsample\openglsample\release\assignment_4_3.obj
c:\users\mathy\documents\~dellpickle_documents\~coding_projects\cs330\openglsample\openglsample\release\assignment_2_3.obj
c:\users\mathy\documents\~dellpickle_documents\~coding_projects\cs330\openglsample\openglsample\release\glad.obj
c:\users\mathy\documents\~dellpickle_documents\~coding_projects\cs330\openglsample\release\openglsample.exe
c:\users\mathy\documents\~dellpickle_documents\~coding_projects\cs330\openglsample\openglsample\release\openglsample.ipdb
c:\users\mathy\documents\~dellpickle_documents\~coding_projects\cs330\openglsample\openglsample\release\openglsample.iobj
c:\users\mathy\documents\~dellpickle_documents\~coding_projects\cs330\openglsample\release\openglsample.pdb
c:\users\mathy\documents\~dellpickle_documents\~coding_projects\cs330\openglsample\openglsample\release\openglsample.tlog\cl.command.1.tlog
c:\users\mathy\documents\~dellpickle_documents\~coding_projects\cs330\openglsample\openglsample\release\openglsample.tlog\cl.items.tlog
c:\users\mathy\documents\~dellpickle_documents\~coding_projects\cs330\openglsample\openglsample\release\openglsample.tlog\cl.read.1.tlog
c:\users\mathy\documents\~dellpickle_documents\~coding_projects\cs330\openglsample\openglsample\release\openglsample.tlog\cl.write.1.tlog
c:\users\mathy\documents\~dellpickle_documents\~coding_projects\cs330\openglsample\openglsample\release\openglsample.tlog\link.command.1.tlog
c:\users\mathy\documents\~dellpickle_documents\~coding_projects\cs330\openglsample\openglsample\release\openglsample.tlog\link.read.1.tlog
c:\users\mathy\documents\~dellpickle_documents\~coding_projects\cs330\openglsample\openglsample\release\openglsample.tlog\link.write.1.tlog
